<?xml version="1.0" encoding="utf-8" standalone="no"?>
<!--This file represents the results of running a test suite-->
<test-results name="bin/Debug/Crack.Specs.dll" total="2" failures="0" not-run="16" date="2011-02-20" time="12:36:14">
  <environment nunit-version="2.4.8.0" clr-version="4.0.30319.1" os-version="Unix 2.6.35.23" platform="Unix" cwd="/home/remi/projects/Crack" machine-name="ninamori" user="remi" user-domain="ninamori" />
  <culture-info current-culture="en-US" current-uiculture="en-US" />
  <test-suite name="bin/Debug/Crack.Specs.dll" success="True" time="0.078" asserts="0">
    <results>
      <test-suite name="ConsoleRack" success="True" time="0.076" asserts="0">
        <results>
          <test-suite name="Specs" success="True" time="0.076" asserts="0">
            <results>
              <test-suite name="ApplicationSpec" success="True" time="0.033" asserts="0">
                <results>
                  <test-case name="ConsoleRack.Specs.ApplicationSpec.can_get_an_Application_given_a_MethodInfo" executed="True" success="True" time="0.015" asserts="3" />
                  <test-case name="ConsoleRack.Specs.ApplicationSpec.can_get_Application_by_name_from_a_ApplicationList" executed="False">
                    <reason>
                      <message><![CDATA[]]></message>
                    </reason>
                  </test-case>
                  <test-case name="ConsoleRack.Specs.ApplicationSpec.Description_can_be_set" executed="False">
                    <reason>
                      <message><![CDATA[]]></message>
                    </reason>
                  </test-case>
                  <test-case name="ConsoleRack.Specs.ApplicationSpec.Description_defaults_to_null" executed="False">
                    <reason>
                      <message><![CDATA[]]></message>
                    </reason>
                  </test-case>
                  <test-case name="ConsoleRack.Specs.ApplicationSpec.Name_can_be_set" executed="False">
                    <reason>
                      <message><![CDATA[]]></message>
                    </reason>
                  </test-case>
                  <test-case name="ConsoleRack.Specs.ApplicationSpec.Name_defaults_to_full_method_name" executed="False">
                    <reason>
                      <message><![CDATA[]]></message>
                    </reason>
                  </test-case>
                  <test-case name="ConsoleRack.Specs.ApplicationSpec.raises_Exception_if_MethodInfo_doesnt_have_correct_parameters_and_whatnot" executed="True" success="True" time="0.004" asserts="1" />
                </results>
              </test-suite>
              <test-suite name="FirstSpec" success="True" time="0.000" asserts="0">
                <results />
              </test-suite>
              <test-suite name="MiddlewareSpec" success="True" time="0.006" asserts="0">
                <results>
                  <test-case name="ConsoleRack.Specs.MiddlewareSpec.can_get_a_Middleware_given_a_MethodInfo" executed="False">
                    <reason>
                      <message><![CDATA[]]></message>
                    </reason>
                  </test-case>
                  <test-case name="ConsoleRack.Specs.MiddlewareSpec.can_get_Middleware_by_name_from_a_MiddlewareList" executed="False">
                    <reason>
                      <message><![CDATA[]]></message>
                    </reason>
                  </test-case>
                  <test-case name="ConsoleRack.Specs.MiddlewareSpec.can_specify_that_Middleware_should_be_run_First" executed="False">
                    <reason>
                      <message><![CDATA[]]></message>
                    </reason>
                  </test-case>
                  <test-case name="ConsoleRack.Specs.MiddlewareSpec.can_specify_that_Middleware_should_be_run_Last" executed="False">
                    <reason>
                      <message><![CDATA[]]></message>
                    </reason>
                  </test-case>
                  <test-case name="ConsoleRack.Specs.MiddlewareSpec.can_specify_the_name_of_a_Middleware_that_this_should_be_put_After" executed="False">
                    <reason>
                      <message><![CDATA[]]></message>
                    </reason>
                  </test-case>
                  <test-case name="ConsoleRack.Specs.MiddlewareSpec.can_specify_the_name_of_a_Middleware_that_this_should_be_put_Before" executed="False">
                    <reason>
                      <message><![CDATA[]]></message>
                    </reason>
                  </test-case>
                  <test-case name="ConsoleRack.Specs.MiddlewareSpec.Description_can_be_set" executed="False">
                    <reason>
                      <message><![CDATA[]]></message>
                    </reason>
                  </test-case>
                  <test-case name="ConsoleRack.Specs.MiddlewareSpec.Description_defaults_to_null" executed="False">
                    <reason>
                      <message><![CDATA[]]></message>
                    </reason>
                  </test-case>
                  <test-case name="ConsoleRack.Specs.MiddlewareSpec.Name_can_be_set" executed="False">
                    <reason>
                      <message><![CDATA[]]></message>
                    </reason>
                  </test-case>
                  <test-case name="ConsoleRack.Specs.MiddlewareSpec.Name_defaults_to_full_method_name" executed="False">
                    <reason>
                      <message><![CDATA[]]></message>
                    </reason>
                  </test-case>
                  <test-case name="ConsoleRack.Specs.MiddlewareSpec.raises_Exception_if_MethodInfo_doesnt_have_correct_parameters" executed="False">
                    <reason>
                      <message><![CDATA[]]></message>
                    </reason>
                  </test-case>
                </results>
              </test-suite>
            </results>
          </test-suite>
        </results>
      </test-suite>
    </results>
  </test-suite>
</test-results>